#
# There is insufficient memory for the Java Runtime Environment to continue.
# Native memory allocation (malloc) failed to allocate 32744 bytes for ChunkPool::allocate
# Possible reasons:
#   The system is out of physical RAM or swap space
#   In 32 bit mode, the process size limit was hit
# Possible solutions:
#   Reduce memory load on the system
#   Increase physical memory or swap space
#   Check if swap backing store is full
#   Use 64 bit Java on a 64 bit OS
#   Decrease Java heap size (-Xmx/-Xms)
#   Decrease number of Java threads
#   Decrease Java thread stack sizes (-Xss)
#   Set larger code cache with -XX:ReservedCodeCacheSize=
# This output file may be truncated or incomplete.
#
#  Out of Memory Error (allocation.cpp:273), pid=8576, tid=0x0000000000002104
#
# JRE version: Java(TM) SE Runtime Environment (8.0_191-b12) (build 1.8.0_191-b12)
# Java VM: Java HotSpot(TM) 64-Bit Server VM (25.191-b12 mixed mode windows-amd64 compressed oops)
# Failed to write core dump. Minidumps are not enabled by default on client versions of Windows
#

---------------  T H R E A D  ---------------

Current thread (0x0000000014a4a800):  JavaThread "C1 CompilerThread2" daemon [_thread_in_native, id=8452, stack(0x0000000014e40000,0x0000000014f40000)]

Stack: [0x0000000014e40000,0x0000000014f40000]
[error occurred during error reporting (printing stack bounds), id 0xc0000005]

Native frames: (J=compiled Java code, j=interpreted, Vv=VM code, C=native code)


Current CompileTask:
C1: 310308 1662       3       sun.nio.cs.SingleByte$Encoder::encodeArrayLoop (236 bytes)


---------------  P R O C E S S  ---------------

Java Threads: ( => current thread )
  0x0000000016338800 JavaThread "DisconnectableInputStream source reader" daemon [_thread_in_native, id=3584, stack(0x0000000016ff0000,0x00000000170f0000)]
  0x00000000157d3000 JavaThread "pool-1-thread-1" [_thread_blocked, id=6120, stack(0x0000000016910000,0x0000000016a10000)]
  0x0000000014a72800 JavaThread "Service Thread" daemon [_thread_blocked, id=9460, stack(0x0000000014f40000,0x0000000015040000)]
=>0x0000000014a4a800 JavaThread "C1 CompilerThread2" daemon [_thread_in_native, id=8452, stack(0x0000000014e40000,0x0000000014f40000)]
  0x000000001315b800 JavaThread "C2 CompilerThread1" daemon [_thread_in_native, id=5964, stack(0x0000000014940000,0x0000000014a40000)]
  0x000000001311b800 JavaThread "C2 CompilerThread0" daemon [_thread_in_native, id=688, stack(0x0000000014840000,0x0000000014940000)]
  0x000000001311a800 JavaThread "Attach Listener" daemon [_thread_blocked, id=5980, stack(0x0000000014740000,0x0000000014840000)]
  0x0000000013105000 JavaThread "Signal Dispatcher" daemon [_thread_blocked, id=4108, stack(0x0000000014640000,0x0000000014740000)]
  0x00000000130ff800 JavaThread "Finalizer" daemon [_thread_blocked, id=6220, stack(0x0000000014360000,0x0000000014460000)]
  0x0000000002da6000 JavaThread "Reference Handler" daemon [_thread_blocked, id=9112, stack(0x0000000014260000,0x0000000014360000)]
  0x0000000002cb5800 JavaThread "main" [_thread_blocked, id=7392, stack(0x0000000002ab0000,0x0000000002bb0000)]

Other Threads:
  0x00000000130d8800 VMThread [stack: 0x0000000014160000,0x0000000014260000] [id=10840]
  0x0000000014a78800 WatcherThread [stack: 0x0000000015040000,0x0000000015140000] [id=5264]

VM state:not at safepoint (normal execution)

VM Mutex/Monitor currently owned by a thread:  ([mutex/lock_event])
[0x0000000002cb26e0] CompiledIC_lock - owner thread: 0x0000000000000000

Heap:
 PSYoungGen      total 18944K, used 6856K [0x00000000feb00000, 0x0000000100000000, 0x0000000100000000)
  eden space 16384K, 27% used [0x00000000feb00000,0x00000000fef56218,0x00000000ffb00000)
  from space 2560K, 94% used [0x00000000ffd80000,0x00000000fffdc010,0x0000000100000000)
  to   space 2560K, 0% used [0x00000000ffb00000,0x00000000ffb00000,0x00000000ffd80000)
 ParOldGen       total 44032K, used 3264K [0x00000000fc000000, 0x00000000feb00000, 0x00000000feb00000)
  object space 44032K, 7% used [0x00000000fc000000,0x00000000fc330108,0x00000000feb00000)
 Metaspace       used 12094K, capacity 12434K, committed 12800K, reserved 1060864K
  class space    used 1573K, capacity 1697K, committed 1792K, reserved 1048576K

Card table byte_map: [0x0000000001340000,0x0000000001370000] byte_map_base: 0x0000000000b60000

Marking Bits: (ParMarkBitMap*) 0x0000000058483e30
 Begin Bits: [0x0000000012570000, 0x0000000012670000)
 End Bits:   [0x0000000012670000, 0x0000000012770000)

Polling page: 0x0000000001310000

CodeCache: size=245760Kb used=5282Kb max_used=5442Kb free=240477Kb
 bounds [0x0000000002db0000, 0x0000000003310000, 0x0000000011db0000]
 total_blobs=1921 nmethods=1548 adapters=285
 compilation: enabled

Compilation events (10 events):
Event: 306.685 Thread 0x000000001315b800 nmethod 1654 0x00000000030222d0 code [0x0000000003022440, 0x0000000003022d78]
Event: 310.219 Thread 0x0000000014a4a800 1655       1       java.util.LinkedList::size (5 bytes)
Event: 310.220 Thread 0x0000000014a4a800 nmethod 1655 0x00000000032f8210 code [0x00000000032f8360, 0x00000000032f8470]
Event: 310.222 Thread 0x000000001311b800 1656 % !   4       java.io.BufferedReader::readLine @ 131 (304 bytes)
Event: 310.229 Thread 0x000000001315b800 1657       4       org.gradle.internal.logging.text.AbstractLineChoppingStyledTextOutput$StateContext::isCurrentCharEquals (61 bytes)
Event: 310.230 Thread 0x000000001315b800 nmethod 1657 0x0000000002f8f5d0 code [0x0000000002f8f720, 0x0000000002f8f818]
Event: 310.230 Thread 0x000000001315b800 1658       4       org.gradle.internal.logging.text.AbstractLineChoppingStyledTextOutput$StateContext::hasChar (22 bytes)
Event: 310.231 Thread 0x000000001315b800 nmethod 1658 0x00000000032800d0 code [0x0000000003280200, 0x0000000003280278]
Event: 310.231 Thread 0x000000001315b800 1660       4       org.gradle.internal.logging.text.AbstractLineChoppingStyledTextOutput$1::execute (130 bytes)
Event: 310.232 Thread 0x0000000014a4a800 1662       3       sun.nio.cs.SingleByte$Encoder::encodeArrayLoop (236 bytes)

GC Heap History (8 events):
Event: 1.047 GC heap before
{Heap before GC invocations=1 (full 0):
 PSYoungGen      total 18944K, used 16384K [0x00000000feb00000, 0x0000000100000000, 0x0000000100000000)
  eden space 16384K, 100% used [0x00000000feb00000,0x00000000ffb00000,0x00000000ffb00000)
  from space 2560K, 0% used [0x00000000ffd80000,0x00000000ffd80000,0x0000000100000000)
  to   space 2560K, 0% used [0x00000000ffb00000,0x00000000ffb00000,0x00000000ffd80000)
 ParOldGen       total 44032K, used 0K [0x00000000fc000000, 0x00000000feb00000, 0x00000000feb00000)
  object space 44032K, 0% used [0x00000000fc000000,0x00000000fc000000,0x00000000feb00000)
 Metaspace       used 6358K, capacity 6654K, committed 6784K, reserved 1056768K
  class space    used 779K, capacity 877K, committed 896K, reserved 1048576K
Event: 1.050 GC heap after
Heap after GC invocations=1 (full 0):
 PSYoungGen      total 18944K, used 2551K [0x00000000feb00000, 0x0000000100000000, 0x0000000100000000)
  eden space 16384K, 0% used [0x00000000feb00000,0x00000000feb00000,0x00000000ffb00000)
  from space 2560K, 99% used [0x00000000ffb00000,0x00000000ffd7de60,0x00000000ffd80000)
  to   space 2560K, 0% used [0x00000000ffd80000,0x00000000ffd80000,0x0000000100000000)
 ParOldGen       total 44032K, used 8K [0x00000000fc000000, 0x00000000feb00000, 0x00000000feb00000)
  object space 44032K, 0% used [0x00000000fc000000,0x00000000fc002000,0x00000000feb00000)
 Metaspace       used 6358K, capacity 6654K, committed 6784K, reserved 1056768K
  class space    used 779K, capacity 877K, committed 896K, reserved 1048576K
}
Event: 1.545 GC heap before
{Heap before GC invocations=2 (full 0):
 PSYoungGen      total 18944K, used 18935K [0x00000000feb00000, 0x0000000100000000, 0x0000000100000000)
  eden space 16384K, 100% used [0x00000000feb00000,0x00000000ffb00000,0x00000000ffb00000)
  from space 2560K, 99% used [0x00000000ffb00000,0x00000000ffd7de60,0x00000000ffd80000)
  to   space 2560K, 0% used [0x00000000ffd80000,0x00000000ffd80000,0x0000000100000000)
 ParOldGen       total 44032K, used 8K [0x00000000fc000000, 0x00000000feb00000, 0x00000000feb00000)
  object space 44032K, 0% used [0x00000000fc000000,0x00000000fc002000,0x00000000feb00000)
 Metaspace       used 8788K, capacity 9088K, committed 9344K, reserved 1056768K
  class space    used 1177K, capacity 1308K, committed 1408K, reserved 1048576K
Event: 1.551 GC heap after
Heap after GC invocations=2 (full 0):
 PSYoungGen      total 18944K, used 2553K [0x00000000feb00000, 0x0000000100000000, 0x0000000100000000)
  eden space 16384K, 0% used [0x00000000feb00000,0x00000000feb00000,0x00000000ffb00000)
  from space 2560K, 99% used [0x00000000ffd80000,0x00000000ffffe5d0,0x0000000100000000)
  to   space 2560K, 0% used [0x00000000ffb00000,0x00000000ffb00000,0x00000000ffd80000)
 ParOldGen       total 44032K, used 1409K [0x00000000fc000000, 0x00000000feb00000, 0x00000000feb00000)
  object space 44032K, 3% used [0x00000000fc000000,0x00000000fc160568,0x00000000feb00000)
 Metaspace       used 8788K, capacity 9088K, committed 9344K, reserved 1056768K
  class space    used 1177K, capacity 1308K, committed 1408K, reserved 1048576K
}
Event: 71.072 GC heap before
{Heap before GC invocations=3 (full 0):
 PSYoungGen      total 18944K, used 18937K [0x00000000feb00000, 0x0000000100000000, 0x0000000100000000)
  eden space 16384K, 100% used [0x00000000feb00000,0x00000000ffb00000,0x00000000ffb00000)
  from space 2560K, 99% used [0x00000000ffd80000,0x00000000ffffe5d0,0x0000000100000000)
  to   space 2560K, 0% used [0x00000000ffb00000,0x00000000ffb00000,0x00000000ffd80000)
 ParOldGen       total 44032K, used 1409K [0x00000000fc000000, 0x00000000feb00000, 0x00000000feb00000)
  object space 44032K, 3% used [0x00000000fc000000,0x00000000fc160568,0x00000000feb00000)
 Metaspace       used 11856K, capacity 12146K, committed 12544K, reserved 1060864K
  class space    used 1559K, capacity 1665K, committed 1792K, reserved 1048576K
Event: 71.078 GC heap after
Heap after GC invocations=3 (full 0):
 PSYoungGen      total 18944K, used 2544K [0x00000000feb00000, 0x0000000100000000, 0x0000000100000000)
  eden space 16384K, 0% used [0x00000000feb00000,0x00000000feb00000,0x00000000ffb00000)
  from space 2560K, 99% used [0x00000000ffb00000,0x00000000ffd7c010,0x00000000ffd80000)
  to   space 2560K, 0% used [0x00000000ffd80000,0x00000000ffd80000,0x0000000100000000)
 ParOldGen       total 44032K, used 3256K [0x00000000fc000000, 0x00000000feb00000, 0x00000000feb00000)
  object space 44032K, 7% used [0x00000000fc000000,0x00000000fc32e108,0x00000000feb00000)
 Metaspace       used 11856K, capacity 12146K, committed 12544K, reserved 1060864K
  class space    used 1559K, capacity 1665K, committed 1792K, reserved 1048576K
}
Event: 247.473 GC heap before
{Heap before GC invocations=4 (full 0):
 PSYoungGen      total 18944K, used 18928K [0x00000000feb00000, 0x0000000100000000, 0x0000000100000000)
  eden space 16384K, 100% used [0x00000000feb00000,0x00000000ffb00000,0x00000000ffb00000)
  from space 2560K, 99% used [0x00000000ffb00000,0x00000000ffd7c010,0x00000000ffd80000)
  to   space 2560K, 0% used [0x00000000ffd80000,0x00000000ffd80000,0x0000000100000000)
 ParOldGen       total 44032K, used 3256K [0x00000000fc000000, 0x00000000feb00000, 0x00000000feb00000)
  object space 44032K, 7% used [0x00000000fc000000,0x00000000fc32e108,0x00000000feb00000)
 Metaspace       used 12005K, capacity 12338K, committed 12800K, reserved 1060864K
  class space    used 1560K, capacity 1665K, committed 1792K, reserved 1048576K
Event: 247.478 GC heap after
Heap after GC invocations=4 (full 0):
 PSYoungGen      total 18944K, used 2416K [0x00000000feb00000, 0x0000000100000000, 0x0000000100000000)
  eden space 16384K, 0% used [0x00000000feb00000,0x00000000feb00000,0x00000000ffb00000)
  from space 2560K, 94% used [0x00000000ffd80000,0x00000000fffdc010,0x0000000100000000)
  to   space 2560K, 0% used [0x00000000ffb00000,0x00000000ffb00000,0x00000000ffd80000)
 ParOldGen       total 44032K, used 3264K [0x00000000fc000000, 0x00000000feb00000, 0x00000000feb00000)
  object space 44032K, 7% used [0x00000000fc000000,0x00000000fc330108,0x00000000feb00000)
 Metaspace       used 12005K, capacity 12338K, committed 12800K, reserved 1060864K
  class space    used 1560K, capacity 1665K, committed 1792K, reserved 1048576K
}

Deoptimization events (10 events):
Event: 274.004 Thread 0x00000000157d3000 Uncommon trap: reason=unstable_if action=reinterpret pc=0x000000000328b770 method=org.gradle.internal.logging.sink.GroupingProgressLogEventGenerator.onOutput(Lorg/gradle/internal/logging/events/OutputEvent;)V @ 22
Event: 274.004 Thread 0x00000000157d3000 Uncommon trap: reason=unstable_if action=reinterpret pc=0x0000000003282320 method=org.gradle.internal.logging.sink.GroupingProgressLogEventGenerator.onOutput(Lorg/gradle/internal/logging/events/OutputEvent;)V @ 22
Event: 274.771 Thread 0x00000000157d3000 Uncommon trap: reason=unstable_if action=reinterpret pc=0x00000000032790d4 method=org.gradle.internal.operations.OperationIdentifier.equals(Ljava/lang/Object;)Z @ 2
Event: 310.212 Thread 0x0000000002cb5800 Uncommon trap: reason=unstable_if action=reinterpret pc=0x00000000032ac9a0 method=java.nio.channels.spi.AbstractInterruptibleChannel.end(Z)V @ 31
Event: 310.213 Thread 0x0000000002cb5800 Uncommon trap: reason=unstable_if action=reinterpret pc=0x00000000032a76c0 method=com.esotericsoftware.kryo.io.Input.require(I)I @ 180
Event: 310.214 Thread 0x0000000002cb5800 Uncommon trap: reason=speculate_class_check action=maybe_recompile pc=0x0000000002f5df0c method=java.nio.charset.CharsetDecoder.replaceWith(Ljava/lang/String;)Ljava/nio/charset/CharsetDecoder; @ 63
Event: 310.216 Thread 0x0000000002cb5800 Uncommon trap: reason=class_check action=maybe_recompile pc=0x0000000002ff5a20 method=org.gradle.internal.logging.sink.OutputEventTransformer.onOutput(Lorg/gradle/internal/logging/events/OutputEvent;)V @ 328
Event: 310.222 Thread 0x0000000002cb5800 Uncommon trap: reason=class_check action=maybe_recompile pc=0x0000000002ff5a20 method=org.gradle.internal.logging.sink.OutputEventTransformer.onOutput(Lorg/gradle/internal/logging/events/OutputEvent;)V @ 328
Event: 310.227 Thread 0x0000000002cb5800 Uncommon trap: reason=unstable_if action=reinterpret pc=0x0000000003287bd4 method=org.gradle.internal.logging.console.ThrottlingOutputEventListener.onOutput(Lorg/gradle/internal/logging/events/OutputEvent;)V @ 36
Event: 310.231 Thread 0x0000000002cb5800 Uncommon trap: reason=unstable_if action=reinterpret pc=0x00000000032beae0 method=sun.nio.cs.SingleByte$Encoder.encodeArrayLoop(Ljava/nio/CharBuffer;Ljava/nio/ByteBuffer;)Ljava/nio/charset/CoderResult; @ 70

Classes redefined (0 events):
No events

Internal exceptions (10 events):
Event: 1.565 Thread 0x0000000002cb5800 Exception <a 'java/lang/ArrayIndexOutOfBoundsException'> (0x00000000feb95108) thrown at [C:\re\workspace\8-2-build-windows-amd64-cygwin\jdk8u191\11896\hotspot\src\share\vm\runtime\sharedRuntime.cpp, line 605]
Event: 1.565 Thread 0x0000000002cb5800 Exception <a 'java/lang/ArrayIndexOutOfBoundsException'> (0x00000000feb964d0) thrown at [C:\re\workspace\8-2-build-windows-amd64-cygwin\jdk8u191\11896\hotspot\src\share\vm\runtime\sharedRuntime.cpp, line 605]
Event: 1.565 Thread 0x0000000002cb5800 Exception <a 'java/lang/ArrayIndexOutOfBoundsException'> (0x00000000feb99c40) thrown at [C:\re\workspace\8-2-build-windows-amd64-cygwin\jdk8u191\11896\hotspot\src\share\vm\runtime\sharedRuntime.cpp, line 605]
Event: 1.565 Thread 0x0000000002cb5800 Exception <a 'java/lang/ArrayIndexOutOfBoundsException'> (0x00000000feb9bb30) thrown at [C:\re\workspace\8-2-build-windows-amd64-cygwin\jdk8u191\11896\hotspot\src\share\vm\runtime\sharedRuntime.cpp, line 605]
Event: 1.566 Thread 0x0000000002cb5800 Exception <a 'java/lang/ArrayIndexOutOfBoundsException'> (0x00000000feb9cc10) thrown at [C:\re\workspace\8-2-build-windows-amd64-cygwin\jdk8u191\11896\hotspot\src\share\vm\runtime\sharedRuntime.cpp, line 605]
Event: 1.566 Thread 0x0000000002cb5800 Exception <a 'java/lang/ArrayIndexOutOfBoundsException'> (0x00000000feb9e778) thrown at [C:\re\workspace\8-2-build-windows-amd64-cygwin\jdk8u191\11896\hotspot\src\share\vm\runtime\sharedRuntime.cpp, line 605]
Event: 1.566 Thread 0x0000000002cb5800 Exception <a 'java/lang/ArrayIndexOutOfBoundsException'> (0x00000000feba0dc0) thrown at [C:\re\workspace\8-2-build-windows-amd64-cygwin\jdk8u191\11896\hotspot\src\share\vm\runtime\sharedRuntime.cpp, line 605]
Event: 273.988 Thread 0x0000000002cb5800 Implicit null exception at 0x0000000003288e7d to 0x0000000003288fd5
Event: 310.212 Thread 0x0000000002cb5800 Exception <a 'java/io/IOException'> (0x00000000fed18468) thrown at [C:\re\workspace\8-2-build-windows-amd64-cygwin\jdk8u191\11896\hotspot\src\share\vm\prims\jni.cpp, line 709]
Event: 310.223 Thread 0x0000000014ba9000 Exception <a 'java/io/IOException'> (0x00000000feeacf28) thrown at [C:\re\workspace\8-2-build-windows-amd64-cygwin\jdk8u191\11896\hotspot\src\share\vm\prims\jni.cpp, line 709]

Events (10 events):
Event: 310.225 loading class org/gradle/internal/remote/internal/inet/SocketConnection$1
Event: 310.225 loading class org/gradle/internal/remote/internal/inet/SocketConnection$1 done
Event: 310.227 loading class java/util/concurrent/ConcurrentLinkedQueue$Itr
Event: 310.227 loading class java/util/concurrent/ConcurrentLinkedQueue$Itr done
Event: 310.227 Thread 0x0000000002cb5800 Uncommon trap: trap_request=0xffffff65 fr.pc=0x0000000003287bd4
Event: 310.227 Thread 0x0000000002cb5800 DEOPT PACKING pc=0x0000000003287bd4 sp=0x0000000002bad9c0
Event: 310.227 Thread 0x0000000002cb5800 DEOPT UNPACKING pc=0x0000000002df583b sp=0x0000000002bad9a8 mode 2
Event: 310.231 Thread 0x0000000002cb5800 Uncommon trap: trap_request=0xffffff65 fr.pc=0x00000000032beae0
Event: 310.231 Thread 0x0000000002cb5800 DEOPT PACKING pc=0x00000000032beae0 sp=0x0000000002bacd30
Event: 310.231 Thread 0x0000000002cb5800 DEOPT UNPACKING pc=0x0000000002df583b sp=0x0000000002bacca0 mode 2


Dynamic libraries:
0x00007ff68f8b0000 - 0x00007ff68f8e7000 	C:\Program Files\Java\jdk1.8.0_191\bin\java.exe
0x00007ffb9a820000 - 0x00007ffb9a9cc000 	C:\Windows\SYSTEM32\ntdll.dll
0x00007ffb99c70000 - 0x00007ffb99dae000 	C:\Windows\system32\KERNEL32.DLL
0x00007ffb94610000 - 0x00007ffb94623000 	C:\Program Files\AVAST Software\Avast\aswhook.dll
0x00007ffb97a40000 - 0x00007ffb97b55000 	C:\Windows\system32\KERNELBASE.dll
0x00007ffb96510000 - 0x00007ffb9659e000 	C:\Windows\system32\apphelp.dll
0x00007ffb8a6d0000 - 0x00007ffb8a723000 	C:\Windows\AppPatch\AppPatch64\AcGenral.DLL
0x00007ffb99770000 - 0x00007ffb9981a000 	C:\Windows\system32\msvcrt.dll
0x00007ffb977a0000 - 0x00007ffb977ce000 	C:\Windows\SYSTEM32\SspiCli.dll
0x00007ffb99a90000 - 0x00007ffb99ae4000 	C:\Windows\system32\SHLWAPI.dll
0x00007ffb99af0000 - 0x00007ffb99c67000 	C:\Windows\system32\USER32.dll
0x00007ffb9a3a0000 - 0x00007ffb9a534000 	C:\Windows\system32\ole32.dll
0x00007ffb980b0000 - 0x00007ffb995c9000 	C:\Windows\system32\SHELL32.dll
0x00007ffb96f10000 - 0x00007ffb96f31000 	C:\Windows\SYSTEM32\USERENV.dll
0x00007ffb9a760000 - 0x00007ffb9a80a000 	C:\Windows\system32\ADVAPI32.dll
0x00007ffb738c0000 - 0x00007ffb738de000 	C:\Windows\SYSTEM32\MPR.dll
0x00007ffb99610000 - 0x00007ffb99751000 	C:\Windows\system32\RPCRT4.dll
0x00007ffb99db0000 - 0x00007ffb99e09000 	C:\Windows\SYSTEM32\sechost.dll
0x00007ffb9a180000 - 0x00007ffb9a391000 	C:\Windows\SYSTEM32\combase.dll
0x00007ffb9a600000 - 0x00007ffb9a751000 	C:\Windows\system32\GDI32.dll
0x00007ffb97970000 - 0x00007ffb97985000 	C:\Windows\SYSTEM32\profapi.dll
0x00007ffb95ee0000 - 0x00007ffb95f92000 	C:\Windows\SYSTEM32\SHCORE.dll
0x00007ffb995d0000 - 0x00007ffb99606000 	C:\Windows\system32\IMM32.DLL
0x00007ffb99f50000 - 0x00007ffb9a0a3000 	C:\Windows\system32\MSCTF.dll
0x00007ffb95420000 - 0x00007ffb9569b000 	C:\Windows\WinSxS\amd64_microsoft.windows.common-controls_6595b64144ccf1df_6.0.9600.17415_none_6240486fecbd8abb\COMCTL32.dll
0x0000000058510000 - 0x00000000585e2000 	C:\Program Files\Java\jdk1.8.0_191\jre\bin\msvcr100.dll
0x0000000057c60000 - 0x0000000058504000 	C:\Program Files\Java\jdk1.8.0_191\jre\bin\server\jvm.dll
0x00007ffb92300000 - 0x00007ffb92309000 	C:\Windows\SYSTEM32\WSOCK32.dll
0x00007ffb87360000 - 0x00007ffb87382000 	C:\Windows\SYSTEM32\WINMM.dll
0x00007ffb918a0000 - 0x00007ffb918aa000 	C:\Windows\SYSTEM32\VERSION.dll
0x00007ffb99ed0000 - 0x00007ffb99ed7000 	C:\Windows\system32\PSAPI.DLL
0x00007ffb98050000 - 0x00007ffb980aa000 	C:\Windows\system32\WS2_32.dll
0x00007ffb873c0000 - 0x00007ffb873ea000 	C:\Windows\SYSTEM32\WINMMBASE.dll
0x00007ffb9a810000 - 0x00007ffb9a819000 	C:\Windows\system32\NSI.dll
0x00007ffb97df0000 - 0x00007ffb97e3f000 	C:\Windows\SYSTEM32\cfgmgr32.dll
0x00007ffb96850000 - 0x00007ffb96878000 	C:\Windows\SYSTEM32\DEVOBJ.dll
0x0000000058e10000 - 0x0000000058e1f000 	C:\Program Files\Java\jdk1.8.0_191\jre\bin\verify.dll
0x0000000057c30000 - 0x0000000057c59000 	C:\Program Files\Java\jdk1.8.0_191\jre\bin\java.dll
0x0000000057c10000 - 0x0000000057c26000 	C:\Program Files\Java\jdk1.8.0_191\jre\bin\zip.dll
0x0000000057bf0000 - 0x0000000057c0a000 	C:\Program Files\Java\jdk1.8.0_191\jre\bin\net.dll
0x00007ffb97180000 - 0x00007ffb971d9000 	C:\Windows\system32\mswsock.dll
0x0000000057bd0000 - 0x0000000057be1000 	C:\Program Files\Java\jdk1.8.0_191\jre\bin\nio.dll
0x00007ffb8a6a0000 - 0x00007ffb8a6ca000 	C:\Users\JONESVIELLE\.gradle\native\36\windows-amd64\native-platform.dll
0x00007ffb93dc0000 - 0x00007ffb93dca000 	C:\Users\JONESVIELLE\.gradle\native\jansi\1.18\windows64\jansi.dll
0x0000000058e00000 - 0x0000000058e0d000 	C:\Program Files\Java\jdk1.8.0_191\jre\bin\management.dll
0x00007ffb971e0000 - 0x00007ffb97200000 	C:\Windows\SYSTEM32\CRYPTSP.dll
0x00007ffb96e00000 - 0x00007ffb96e36000 	C:\Windows\system32\rsaenh.dll
0x00007ffb97490000 - 0x00007ffb974b6000 	C:\Windows\SYSTEM32\bcrypt.dll
0x00007ffb977d0000 - 0x00007ffb97833000 	C:\Windows\system32\bcryptprimitives.dll
0x00007ffb97900000 - 0x00007ffb9790b000 	C:\Windows\SYSTEM32\CRYPTBASE.dll
0x00007ffb92be0000 - 0x00007ffb92c0a000 	C:\Windows\SYSTEM32\IPHLPAPI.DLL
0x00007ffb92bc0000 - 0x00007ffb92bca000 	C:\Windows\SYSTEM32\WINNSI.DLL
0x00007ffb92a70000 - 0x00007ffb92a86000 	C:\Windows\SYSTEM32\dhcpcsvc6.DLL
0x00007ffb92a50000 - 0x00007ffb92a6a000 	C:\Windows\SYSTEM32\dhcpcsvc.DLL

VM Arguments:
jvm_args: -Xmx64m -Xms64m -Dorg.gradle.appname=gradlew 
java_command: org.gradle.wrapper.GradleWrapperMain app:installDebug -PreactNativeDevServerPort=8081
java_class_path (initial): C:\Users\JONESVIELLE\college1\android\\gradle\wrapper\gradle-wrapper.jar
Launcher Type: SUN_STANDARD

Environment Variables:
JAVA_HOME=C:\Program Files\Java\jdk1.8.0_191
CLASSPATH=C:\Users\JONESVIELLE\college1\android\\gradle\wrapper\gradle-wrapper.jar
PATH=C:\Users\JONESVIELLE\college1\android\node_modules\.bin;C:\Users\JONESVIELLE\college1\node_modules\.bin;C:\Users\JONESVIELLE\node_modules\.bin;C:\Users\node_modules\.bin;C:\node_modules\.bin;C:\Program Files\nodejs;C:\Program Files\nodejs\node_modules\npm\node_modules\npm-lifecycle\node-gyp-bin;C:\Users\JONESVIELLE\college1\node_modules\.bin;C:\Python27\;C:\Python27\Scripts;C:\Program Files (x86)\NVIDIA Corporation\PhysX\Common;C:\Program Files (x86)\ActiveState Komodo Edit 11\;C:\ProgramData\Oracle\Java\javapath;C:\Windows\system32;C:\Windows;C:\Windows\System32\Wbem;C:\Windows\System32\WindowsPowerShell\v1.0\;C:\Program Files (x86)\Common Files\lenovo\easyplussdk\bin;C:\Program Files (x86)\GtkSharp\2.12\bin;C:\Program Files\Microsoft SQL Server\Client SDK\ODBC\110\Tools\Binn\;C:\Program Files (x86)\Microsoft SQL Server\120\Tools\Binn\;C:\Program Files\Microsoft SQL Server\120\Tools\Binn\;C:\Program Files\Microsoft SQL Server\120\DTS\Binn\;C:\Program Files (x86)\Windows Kits\8.1\Windows Performance Toolkit\;C:\ProgramData\chocolatey\bin;C:\Program Files\Java\jdk1.8.0_191\bin;C:\Program Files (x86)\Yarn\bin\;C:\Users\JONESVIELLE\AppData\Local\Android\Sdk\platform-tools;C:\Program Files\Microsoft SQL Server\110\Tools\Binn\;C:\Program Files (x86)\Microchip\xc8\v1.41\bin;C:\Program Files\nodejs\;C:\Program Files\Git\cmd;C:\wamp64\bin\php\php5.6.40;C:\ProgramData\ComposerSetup\bin;C:\xampp1\php;C:\Users\JONESVIELLE\AppData\Local\Programs\Python\Python36\Scripts\;C:\Users\JONESVIELLE\AppData\Local\Programs\Python\Python36\;C:\Users\JONESVIELLE\AppData\Local\Yarn\bin;C:\Users\JONESVIELLE\AppData\Roaming\npm;C:\Program Files\heroku\bin;C:\Users\JONESVIELLE\AppData\Roaming\Composer\vendor\bin;C:\Users\JONESVIELLE\AppData\Local\Programs\Microsoft VS Code\bin
USERNAME=JONESVIELLE
OS=Windows_NT
PROCESSOR_IDENTIFIER=Intel64 Family 6 Model 58 Stepping 9, GenuineIntel



---------------  S Y S T E M  ---------------

OS: Windows 8.1 , 64 bit Build 9600 (6.3.9600.17415)

CPU:total 4 (initial active 4) (2 cores per cpu, 2 threads per core) family 6 model 58 stepping 9, cmov, cx8, fxsr, mmx, sse, sse2, sse3, ssse3, sse4.1, sse4.2, popcnt, avx, clmul, erms, ht, tsc, tscinvbit, tscinv

Memory: 4k page, physical 6170336k(767708k free), swap 6170336k(2380k free)

vm_info: Java HotSpot(TM) 64-Bit Server VM (25.191-b12) for windows-amd64 JRE (1.8.0_191-b12), built on Oct  6 2018 09:29:03 by "java_re" with MS VC++ 10.0 (VS2010)

time: Sun Apr 11 16:09:50 2021
elapsed time: 310 seconds (0d 0h 5m 10s)

